<?xml version="1.0" encoding="UTF-8"?>
<!-- Generated by org.testng.reporters.JUnitReportReporter -->
<testsuite hostname="Bilquiss-MacBook-Pro.local" name="com.test.NSSTODOListTest" tests="17" failures="0" timestamp="19 Apr 2019 02:27:18 GMT" time="34.520" errors="0">
  <testcase name="collegeLinkNavigationTest" time="1.947" classname="com.test.NSSTODOListTest"/>
  <testcase name="leisureLinkNavigationTest" time="1.931" classname="com.test.NSSTODOListTest"/>
  <testcase name="personalLinkNavigationTest" time="1.948" classname="com.test.NSSTODOListTest"/>
  <testcase name="NSSTODOListLabelTextTest" time="1.924" classname="com.test.NSSTODOListTest"/>
  <testcase name="completeBtnEnabledTest" time="2.008" classname="com.test.NSSTODOListTest"/>
  <testcase name="advancedLinkPresentTest" time="1.801" classname="com.test.NSSTODOListTest"/>
  <testcase name="NSSTODOListLabelTest" time="1.943" classname="com.test.NSSTODOListTest"/>
  <testcase name="advancedLinkToggleCollapseTest" time="2.059" classname="com.test.NSSTODOListTest"/>
  <testcase name="verifyDDListItemTest" time="2.089" classname="com.test.NSSTODOListTest"/>
  <testcase name="removeBtnPresentTest" time="1.862" classname="com.test.NSSTODOListTest"/>
  <testcase name="playLinkNavigationTest" time="1.971" classname="com.test.NSSTODOListTest"/>
  <testcase name="completeBtnPresentTest" time="2.762" classname="com.test.NSSTODOListTest"/>
  <testcase name="toggleAllChkbxPresentTest" time="1.857" classname="com.test.NSSTODOListTest"/>
  <testcase name="allCheckboxesToggledTest" time="2.061" classname="com.test.NSSTODOListTest"/>
  <testcase name="removeBtnEnabledTest" time="1.950" classname="com.test.NSSTODOListTest"/>
  <testcase name="addBtnTest" time="2.510" classname="com.test.NSSTODOListTest"/>
  <testcase name="labelTimePresentTest" time="1.897" classname="com.test.NSSTODOListTest"/>
</testsuite> <!-- com.test.NSSTODOListTest -->
