<?xml version="1.0" encoding="UTF-8"?>
<!-- Generated by org.testng.reporters.JUnitReportReporter -->
<testsuite hostname="Bilquiss-MacBook-Pro.local" name="com.test.testNGBasic" tests="1" failures="0" timestamp="17 Apr 2019 23:05:09 GMT" time="0.010" errors="0">
  <testcase name="googleTitleTest" time="0.010" classname="com.test.testNGBasic"/>
</testsuite> <!-- com.test.testNGBasic -->
